<?xml version="1.0" encoding="UTF-8"?>
<!-- Generated by org.testng.reporters.JUnitReportReporter -->
<testsuite hostname="NODLTP52039252" failures="0" tests="3" name="ApiAutomation.Apidemo.Apimation" time="5.809" errors="0" timestamp="2020-11-24T13:42:40 IST" skipped="0">
  <testcase classname="ApiAutomation.Apidemo.Apimation" name="del_place" time="1.949"/>
  <system-out/>
  <testcase classname="ApiAutomation.Apidemo.Apimation" name="get_place" time="3.630"/>
  <system-out/>
  <testcase classname="ApiAutomation.Apidemo.Apimation" name="add_place" time="0.230"/>
  <system-out/>
</testsuite> <!-- ApiAutomation.Apidemo.Apimation -->
