<?xml version="1.0" encoding="UTF-8"?>
<!-- Generated by org.testng.reporters.JUnitReportReporter -->
<testsuite hostname="NODLTP52039252" failures="0" tests="1" name="ApiAutomation.Apidemo.Assertions" time="1.497" errors="0" timestamp="2020-11-26T16:33:18 IST" skipped="0">
  <testcase classname="ApiAutomation.Apidemo.Assertions" name="get_course" time="1.497"/>
  <system-out/>
</testsuite> <!-- ApiAutomation.Apidemo.Assertions -->
